<?xml version="1.0" encoding="UTF-8"?>
<!-- Generated by org.testng.reporters.JUnitReportReporter -->
<testsuite hostname="LAPTOP-M4TNNU10" failures="0" tests="1" name="ExtentReport.SampleReport" time="0.749" errors="0" timestamp="2024-05-30T11:52:04 IST" skipped="0">
  <testcase classname="ExtentReport.SampleReport" name="launchTheReport" time="0.749"/>
</testsuite> <!-- ExtentReport.SampleReport -->
