<?xml version="1.0" encoding="UTF-8"?>
<!-- Generated by org.testng.reporters.JUnitReportReporter -->
<testsuite hostname="LAPTOP-M4TNNU10" failures="0" tests="4" name="Basic.HelperMethodPriority" time="89.009" errors="0" timestamp="2024-05-16T12:33:34 IST" skipped="0">
  <testcase classname="Basic.HelperMethodPriority" name="Marvel" time="37.688"/>
  <testcase classname="Basic.HelperMethodPriority" name="Flipkart" time="17.690"/>
  <testcase classname="Basic.HelperMethodPriority" name="Flipkart" time="12.236"/>
  <testcase classname="Basic.HelperMethodPriority" name="Ajio" time="21.395"/>
</testsuite> <!-- Basic.HelperMethodPriority -->
