<?xml version="1.0" encoding="UTF-8"?>
<!-- Generated by org.testng.reporters.JUnitReportReporter -->
<testsuite hostname="LAPTOP-M4TNNU10" failures="0" tests="1" name="parameters.CrossBrowser" time="10.296" errors="0" timestamp="2024-05-20T12:01:40 IST" skipped="0">
  <testcase classname="parameters.CrossBrowser" name="crossBrowser" time="10.296"/>
</testsuite> <!-- parameters.CrossBrowser -->
