<?xml version="1.0" encoding="UTF-8"?>
<!-- Generated by org.testng.reporters.JUnitReportReporter -->
<testsuite hostname="LAPTOP-M4TNNU10" failures="0" tests="5" name="Basic.launchBrowsers" time="123.067" errors="0" timestamp="2024-05-10T14:15:16 IST" skipped="0">
  <testcase classname="Basic.launchBrowsers" name="titan" time="43.311"/>
  <testcase classname="Basic.launchBrowsers" name="nike" time="3.443"/>
  <testcase classname="Basic.launchBrowsers" name="fastrack" time="65.288"/>
  <testcase classname="Basic.launchBrowsers" name="woodland" time="5.538"/>
  <testcase classname="Basic.launchBrowsers" name="rolex" time="5.487"/>
</testsuite> <!-- Basic.launchBrowsers -->
