<?xml version="1.0" encoding="UTF-8"?>
<!-- Generated by org.testng.reporters.JUnitReportReporter -->
<testsuite hostname="LAPTOP-M4TNNU10" failures="0" tests="1" name="DemowebShop.DemoLogin" time="0.014" errors="0" timestamp="2024-05-24T11:29:25 IST" skipped="0">
  <testcase classname="DemowebShop.DemoLogin" name="addToCart" time="0.014"/>
</testsuite> <!-- DemowebShop.DemoLogin -->
