<?xml version="1.0" encoding="UTF-8"?>
<!-- Generated by org.testng.reporters.JUnitReportReporter -->
<testsuite hostname="LAPTOP-M4TNNU10" failures="0" tests="3" name="Basic.DependsOnMethod" time="6.894" errors="0" timestamp="2024-05-16T12:51:44 IST" skipped="0">
  <testcase classname="Basic.DependsOnMethod" name="deleteAccount" time="0.010"/>
  <testcase classname="Basic.DependsOnMethod" name="ModifyAccount" time="0.004"/>
  <testcase classname="Basic.DependsOnMethod" name="CreateAccount" time="6.880"/>
</testsuite> <!-- Basic.DependsOnMethod -->
