<?xml version="1.0" encoding="UTF-8"?>
<!-- Generated by org.testng.reporters.JUnitReportReporter -->
<testsuite hostname="LAPTOP-M4TNNU10" failures="0" tests="1" name="com.crm.listernersCode.BaseClass" time="6.540" errors="0" timestamp="2024-05-25T12:28:27 IST" skipped="0">
  <testcase classname="com.crm.listernersCode.BaseClass" name="beforeSuite" time="6.540"/>
</testsuite> <!-- com.crm.listernersCode.BaseClass -->
