<?xml version="1.0" encoding="UTF-8"?>
<!-- Generated by org.testng.reporters.JUnitReportReporter -->
<testsuite hostname="LAPTOP-M4TNNU10" failures="0" tests="2" name="Basic.DataProviderBasic" time="28.182" errors="0" timestamp="2024-05-18T11:17:27 IST" skipped="0">
  <testcase classname="Basic.DataProviderBasic" name="receiver" time="12.485"/>
  <testcase classname="Basic.DataProviderBasic" name="receiver" time="15.697"/>
</testsuite> <!-- Basic.DataProviderBasic -->
