<?xml version="1.0" encoding="UTF-8"?>
<!-- Generated by org.testng.reporters.JUnitReportReporter -->
<testsuite hostname="LAPTOP-M4TNNU10" failures="0" tests="1" name="TestNgShopping.Ajio" time="46.412" errors="0" timestamp="2024-05-24T13:36:30 IST" skipped="0">
  <testcase classname="TestNgShopping.Ajio" name="ajio" time="46.412"/>
</testsuite> <!-- TestNgShopping.Ajio -->
