<?xml version="1.0" encoding="UTF-8"?>
<!-- Generated by org.testng.reporters.JUnitReportReporter -->
<testsuite hostname="LAPTOP-M4TNNU10" failures="0" tests="4" name="Basic.ChronologicalOrder" time="0.038" errors="0" timestamp="2024-05-20T12:11:49 IST" skipped="0">
  <testcase classname="Basic.ChronologicalOrder" name="Test3" time="0.005"/>
  <testcase classname="Basic.ChronologicalOrder" name="Test1" time="0.018"/>
  <testcase classname="Basic.ChronologicalOrder" name="Test2" time="0.007"/>
  <testcase classname="Basic.ChronologicalOrder" name="Test4" time="0.008"/>
</testsuite> <!-- Basic.ChronologicalOrder -->
