<?xml version="1.0" encoding="UTF-8"?>
<!-- Generated by org.testng.reporters.JUnitReportReporter -->
<testsuite hostname="LAPTOP-M4TNNU10" failures="0" tests="1" name="Basic.LaunchExecution" time="27.107" errors="0" timestamp="2024-05-09T12:55:40 IST" skipped="0">
  <testcase classname="Basic.LaunchExecution" name="google" time="27.107"/>
</testsuite> <!-- Basic.LaunchExecution -->
