<?xml version="1.0" encoding="UTF-8"?>
<!-- Generated by org.testng.reporters.JUnitReportReporter -->
<testsuite hostname="LAPTOP-M4TNNU10" failures="0" tests="1" name="PageObjectModel.TestCaseLogin$LoginDws" time="85.431" errors="0" timestamp="2024-05-27T11:46:31 IST" skipped="0">
  <testcase classname="PageObjectModel.TestCaseLogin$LoginDws" name="login" time="85.431"/>
</testsuite> <!-- PageObjectModel.TestCaseLogin$LoginDws -->
